<?xml version="1.0" encoding="UTF-8"?>
<!-- Generated by org.testng.reporters.JUnitXMLReporter -->
<testsuite ignored="0" hostname="ICPL13157" failures="1" tests="2" name="Test" time="19.492" errors="0" timestamp="06 Feb 2019 07:24:28 GMT">
  <testcase classname="mobileTest.AndroidRobotDemo" name="emulator" time="12.099">
    <failure type="org.openqa.selenium.WebDriverException" message="An unknown server-side error occurred while processing the command. Original error: Android bootstrap socket crashed: Error: This socket has been ended by the other party
Build info: version: &amp;apos;3.141.59&amp;apos;, revision: &amp;apos;e82be7d358&amp;apos;, time: &amp;apos;2018-11-14T08:17:03&amp;apos;
System info: host: &amp;apos;ICPL13157&amp;apos;, ip: &amp;apos;10.11.28.206&amp;apos;, os.name: &amp;apos;Windows 10&amp;apos;, os.arch: &amp;apos;amd64&amp;apos;, os.version: &amp;apos;10.0&amp;apos;, java.version: &amp;apos;11.0.1&amp;apos;
Driver info: io.appium.java_client.android.AndroidDriver
Capabilities {appActivity: com.google.android.finsky.a..., appPackage: com.android.vending, databaseEnabled: false, desired: {appActivity: com.google.android.finsky.a..., appPackage: com.android.vending, deviceName: My Phone, noReset: true, platformName: android, platformVersion: 8.1, udid: emulator-5554}, deviceManufacturer: Google, deviceModel: Android SDK built for x86, deviceName: emulator-5554, deviceScreenSize: 1080x1920, deviceUDID: emulator-5554, javascriptEnabled: true, locationContextEnabled: false, networkConnectionEnabled: true, noReset: true, platform: LINUX, platformName: Android, platformVersion: 8.1.0, takesScreenshot: true, udid: emulator-5554, warnings: {}, webStorageEnabled: false}
Session ID: 55a5fb48-2414-4e3f-9ce2-db9eaa05b246
*** Element info: {Using=id, value=com.android.vending:id/search_box_idle_text}">
      <![CDATA[org.openqa.selenium.WebDriverException: An unknown server-side error occurred while processing the command. Original error: Android bootstrap socket crashed: Error: This socket has been ended by the other party
Build info: version: '3.141.59', revision: 'e82be7d358', time: '2018-11-14T08:17:03'
System info: host: 'ICPL13157', ip: '10.11.28.206', os.name: 'Windows 10', os.arch: 'amd64', os.version: '10.0', java.version: '11.0.1'
Driver info: io.appium.java_client.android.AndroidDriver
Capabilities {appActivity: com.google.android.finsky.a..., appPackage: com.android.vending, databaseEnabled: false, desired: {appActivity: com.google.android.finsky.a..., appPackage: com.android.vending, deviceName: My Phone, noReset: true, platformName: android, platformVersion: 8.1, udid: emulator-5554}, deviceManufacturer: Google, deviceModel: Android SDK built for x86, deviceName: emulator-5554, deviceScreenSize: 1080x1920, deviceUDID: emulator-5554, javascriptEnabled: true, locationContextEnabled: false, networkConnectionEnabled: true, noReset: true, platform: LINUX, platformName: Android, platformVersion: 8.1.0, takesScreenshot: true, udid: emulator-5554, warnings: {}, webStorageEnabled: false}
Session ID: 55a5fb48-2414-4e3f-9ce2-db9eaa05b246
*** Element info: {Using=id, value=com.android.vending:id/search_box_idle_text}
at org.openqa.selenium.remote.http.W3CHttpResponseCodec.createException(W3CHttpResponseCodec.java:187)
at org.openqa.selenium.remote.http.W3CHttpResponseCodec.decode(W3CHttpResponseCodec.java:122)
at org.openqa.selenium.remote.http.W3CHttpResponseCodec.decode(W3CHttpResponseCodec.java:49)
at org.openqa.selenium.remote.HttpCommandExecutor.execute(HttpCommandExecutor.java:158)
at io.appium.java_client.remote.AppiumCommandExecutor.execute(AppiumCommandExecutor.java:239)
at org.openqa.selenium.remote.RemoteWebDriver.execute(RemoteWebDriver.java:552)
at io.appium.java_client.DefaultGenericMobileDriver.execute(DefaultGenericMobileDriver.java:42)
at io.appium.java_client.AppiumDriver.execute(AppiumDriver.java:1)
at io.appium.java_client.android.AndroidDriver.execute(AndroidDriver.java:1)
at org.openqa.selenium.remote.RemoteWebDriver.findElement(RemoteWebDriver.java:323)
at io.appium.java_client.DefaultGenericMobileDriver.findElement(DefaultGenericMobileDriver.java:62)
at io.appium.java_client.AppiumDriver.findElement(AppiumDriver.java:1)
at io.appium.java_client.android.AndroidDriver.findElement(AndroidDriver.java:1)
at org.openqa.selenium.remote.RemoteWebDriver.findElementById(RemoteWebDriver.java:372)
at io.appium.java_client.DefaultGenericMobileDriver.findElementById(DefaultGenericMobileDriver.java:70)
at io.appium.java_client.AppiumDriver.findElementById(AppiumDriver.java:1)
at io.appium.java_client.android.AndroidDriver.findElementById(AndroidDriver.java:1)
at org.openqa.selenium.By$ById.findElement(By.java:188)
at org.openqa.selenium.remote.RemoteWebDriver.findElement(RemoteWebDriver.java:315)
at io.appium.java_client.DefaultGenericMobileDriver.findElement(DefaultGenericMobileDriver.java:58)
at io.appium.java_client.AppiumDriver.findElement(AppiumDriver.java:1)
at io.appium.java_client.android.AndroidDriver.findElement(AndroidDriver.java:1)
at mobileTest.AndroidRobotDemo.emulator(AndroidRobotDemo.java:49)
at java.base/java.util.concurrent.ThreadPoolExecutor.runWorker(ThreadPoolExecutor.java:1128)
at java.base/java.util.concurrent.ThreadPoolExecutor$Worker.run(ThreadPoolExecutor.java:628)
at java.base/java.lang.Thread.run(Thread.java:834)
... Removed 14 stack frames]]>
    </failure>
  </testcase> <!-- emulator -->
  <testcase classname="mobileTest.AndroidRobotDemo" name="device" time="19.459"/>
</testsuite> <!-- Test -->
