<?xml version="1.0" encoding="UTF-8"?>
<testng-results ignored="1" total="2" passed="1" failed="0" skipped="0">
  <reporter-output>
  </reporter-output>
  <suite started-at="2019-02-08T04:29:34Z" name="Default suite" finished-at="2019-02-08T04:30:05Z" duration-ms="30426">
    <groups>
    </groups>
    <test started-at="2019-02-08T04:29:34Z" name="Default test" finished-at="2019-02-08T04:30:05Z" duration-ms="30426">
      <class name="mobileTest.AndroidRobotDemo">
        <test-method signature="emulator()[pri:0, instance:mobileTest.AndroidRobotDemo@4a83a74a]" started-at="2019-02-08T04:29:35Z" name="emulator" finished-at="2019-02-08T04:30:05Z" duration-ms="30393" status="PASS">
          <reporter-output>
          </reporter-output>
        </test-method> <!-- emulator -->
      </class> <!-- mobileTest.AndroidRobotDemo -->
    </test> <!-- Default test -->
  </suite> <!-- Default suite -->
</testng-results>
